\BOOKMARK [0][-]{chapter.1}{\376\377\000S\000t\000r\000e\000s\000z\000c\000z\000e\000n\000i\000e}{}% 1
\BOOKMARK [1][-]{section.1.1}{\376\377\000S\000t\000r\000e\000s\000z\000c\000z\000e\000n\000i\000e}{chapter.1}% 2
\BOOKMARK [1][-]{section.1.2}{\376\377\000S\000u\000m\000m\000a\000r\000y}{chapter.1}% 3
\BOOKMARK [0][-]{chapter.2}{\376\377\000O\000p\000i\000s\000\040\000z\000a\001\102\000o\001\174\000e\001\104\000\040\000p\000r\000o\000j\000e\000k\000t\000u}{}% 4
\BOOKMARK [1][-]{section.2.1}{\376\377\000C\000e\000l\000\040\000p\000r\000o\000j\000e\000k\000t\000u}{chapter.2}% 5
\BOOKMARK [1][-]{section.2.2}{\376\377\000W\000y\000m\000a\000g\000a\000n\000i\000a\000\040\000f\000u\000n\000k\000c\000j\000o\000n\000a\000l\000n\000e}{chapter.2}% 6
\BOOKMARK [1][-]{section.2.3}{\376\377\000W\000y\000m\000a\000g\000a\000n\000i\000a\000\040\000n\000i\000e\000f\000u\000n\000k\000c\000j\000o\000n\000a\000l\000n\000e}{chapter.2}% 7
\BOOKMARK [1][-]{section.2.4}{\376\377\000W\000y\000m\000a\000g\000a\000n\000i\000a\000\040\000s\000p\000r\000z\001\031\000t\000o\000w\000e}{chapter.2}% 8
\BOOKMARK [0][-]{chapter.3}{\376\377\000O\000p\000i\000s\000\040\000s\000t\000r\000u\000k\000t\000u\000r\000y\000\040\000p\000r\000o\000j\000e\000k\000t\000u}{}% 9
\BOOKMARK [1][-]{section.3.1}{\376\377\000Z\000d\000a\000l\000n\000e\000\040\000r\000e\000p\000o\000z\000y\000t\000o\000r\000i\000u\000m\000\040\000p\000r\000o\000j\000e\000k\000t\000u}{chapter.3}% 10
\BOOKMARK [1][-]{section.3.2}{\376\377\000B\000a\000z\000a\000\040\000d\000a\000n\000y\000c\000h}{chapter.3}% 11
\BOOKMARK [2][-]{subsection.3.2.1}{\376\377\000K\000o\000n\000f\000i\000g\000u\000r\000a\000c\000j\000a\000\040\000b\000a\000z\000y\000\040\000d\000a\000n\000y\000c\000h\000\040\000\050\000X\000a\000m\000p\000p\000\051}{section.3.2}% 12
\BOOKMARK [2][-]{subsection.3.2.2}{\376\377\000I\000n\000t\000e\000l\000l\000i\000J}{section.3.2}% 13
\BOOKMARK [2][-]{subsection.3.2.3}{\376\377\000S\000t\000r\000u\000k\000t\000u\000r\000a\000\040\000t\000a\000b\000e\000l\000\040\000b\000a\000z\000y\000\040\000d\000a\000n\000y\000c\000h}{section.3.2}% 14
\BOOKMARK [1][-]{section.3.3}{\376\377\000S\000t\000r\000u\000k\000t\000u\000r\000a\000\040\000k\000l\000a\000s\000\040\000p\000r\000o\000g\000r\000a\000m\000u}{chapter.3}% 15
\BOOKMARK [1][-]{section.3.4}{\376\377\000N\000a\000j\000w\000a\001\174\000n\000i\000e\000j\000s\000z\000e\000\040\000k\000l\000a\000s\000y\000\040\000p\000r\000o\000g\000r\000a\000m\000u}{chapter.3}% 16
\BOOKMARK [2][-]{subsection.3.4.1}{\376\377\000K\000l\000a\000s\000a\000\040\000W\000i\000n\000d\000o\000w}{section.3.4}% 17
\BOOKMARK [2][-]{subsection.3.4.2}{\376\377\000K\000l\000a\000s\000a\000\040\000M\000a\000i\000n}{section.3.4}% 18
\BOOKMARK [2][-]{subsection.3.4.3}{\376\377\000W\000e\000r\000y\000f\000i\000k\000a\000c\000j\000a\000\040\000u\001\174\000y\000t\000k\000o\000w\000n\000i\000k\000a}{section.3.4}% 19
\BOOKMARK [2][-]{subsection.3.4.4}{\376\377\000D\000o\000d\000a\000w\000a\000n\000i\000e\000\040\000e\000l\000e\000m\000e\000n\000t\000\363\000w\000\040\000p\000r\000z\000e\000z\000\040\000a\000d\000m\000i\000n\000i\000s\000t\000r\000a\000t\000o\000r\000a}{section.3.4}% 20
\BOOKMARK [2][-]{subsection.3.4.5}{\376\377\000U\000s\000u\000w\000a\000n\000i\000e\000\040\000e\000l\000e\000m\000e\000n\000t\000\363\000w\000\040\000p\000r\000z\000e\000z\000\040\000a\000d\000m\000i\000n\000i\000s\000t\000r\000a\000t\000o\000r\000a}{section.3.4}% 21
\BOOKMARK [0][-]{chapter.4}{\376\377\000H\000a\000r\000m\000o\000n\000o\000g\000r\000a\000m\000\040\000r\000e\000a\000l\000i\000z\000a\000c\000j\000i\000\040\000p\000r\000o\000j\000e\000k\000t\000u}{}% 22
\BOOKMARK [1][-]{section.4.1}{\376\377\000S\000y\000s\000t\000e\000m\000\040\000k\000o\000n\000t\000r\000o\000l\000i\000\040\000w\000e\000r\000s\000j\000i}{chapter.4}% 23
\BOOKMARK [1][-]{section.4.2}{\376\377\000D\000i\000a\000g\000r\000a\000m\000\040\000G\000a\000n\000t\000t\000a}{chapter.4}% 24
\BOOKMARK [0][-]{chapter.5}{\376\377\000W\000a\000r\000s\000t\000w\000a\000\040\000u\001\174\000y\000t\000k\000o\000w\000a\000\040\000p\000r\000o\000j\000e\000k\000t\000u}{}% 25
\BOOKMARK [1][-]{section.5.1}{\376\377\000O\000p\000i\000s}{chapter.5}% 26
\BOOKMARK [1][-]{section.5.2}{\376\377\000O\000k\000n\000a\000\040\000i\000n\000f\000o\000r\000m\000a\000c\000y\000j\000n\000e}{chapter.5}% 27
\BOOKMARK [1][-]{section.5.3}{\376\377\000E\000k\000r\000a\000n\000\040\000l\000o\000g\000o\000w\000a\000n\000i\000a}{chapter.5}% 28
\BOOKMARK [2][-]{subsection.5.3.1}{\376\377\000D\000a\000n\000e\000\040\000k\000o\000n\000t\000a\000\040\000a\000d\000m\000i\000n\000i\000s\000t\000r\000a\000t\000o\000r\000a}{section.5.3}% 29
\BOOKMARK [2][-]{subsection.5.3.2}{\376\377\000P\000a\000n\000e\000l\000\040\000l\000o\000g\000o\000w\000a\000n\000i\000a}{section.5.3}% 30
\BOOKMARK [1][-]{section.5.4}{\376\377\000U\001\174\000y\000t\000k\000o\000w\000n\000i\000k\000\040\000\050\000u\000s\000e\000r\000\051}{chapter.5}% 31
\BOOKMARK [2][-]{subsection.5.4.1}{\376\377\000P\000a\000n\000e\000l\000\040\000m\000i\000e\000s\000z\000k\000a\001\104\000c\000a}{section.5.4}% 32
\BOOKMARK [2][-]{subsection.5.4.2}{\376\377\000W\000y\000s\000y\001\102\000a\000n\000i\000a\000\040\000z\000g\001\102\000o\000s\000z\000e\001\104}{section.5.4}% 33
\BOOKMARK [1][-]{section.5.5}{\376\377\000A\000d\000m\000i\000n\000i\000s\000t\000r\000a\000t\000o\000r\000\040\000\050\000a\000d\000m\000i\000n\000\051}{chapter.5}% 34
\BOOKMARK [2][-]{subsection.5.5.1}{\376\377\000P\000a\000n\000e\000l\000\040\000a\000d\000m\000i\000n\000i\000s\000t\000r\000a\000t\000o\000r\000a}{section.5.5}% 35
\BOOKMARK [2][-]{subsection.5.5.2}{\376\377\000D\000o\000d\000a\000w\000a\000n\000i\000e\000\040\000o\000b\000i\000e\000k\000t\000\363\000w}{section.5.5}% 36
\BOOKMARK [2][-]{subsection.5.5.3}{\376\377\000U\000s\000u\000w\000a\000n\000i\000e\000\040\000o\000b\000i\000e\000k\000t\000\363\000w}{section.5.5}% 37
\BOOKMARK [2][-]{subsection.5.5.4}{\376\377\000M\000o\000d\000y\000f\000i\000k\000o\000w\000a\000n\000i\000e\000\040\000p\000a\000r\000a\000m\000e\000t\000r\000\363\000w\000\040\000m\000i\000e\000s\000z\000k\000a\000n\000i\000a}{section.5.5}% 38
\BOOKMARK [2][-]{subsection.5.5.5}{\376\377\000O\000t\000w\000i\000e\000r\000a\000n\000i\000e\000\040\000t\000r\000e\001\133\000c\000i\000\040\000z\000g\001\102\000o\000s\000z\000e\001\104}{section.5.5}% 39
\BOOKMARK [0][-]{chapter.6}{\376\377\000P\000o\000d\000s\000u\000m\000o\000w\000a\000n\000i\000e}{}% 40
\BOOKMARK [1][-]{section.6.1}{\376\377\000W\000y\000k\000o\000n\000a\000n\000e\000\040\000p\000r\000a\000c\000e}{chapter.6}% 41
\BOOKMARK [1][-]{section.6.2}{\376\377\000M\000o\001\174\000l\000i\000w\000e\000\040\000p\000r\000a\000c\000e\000\040\000r\000o\000z\000w\000o\000j\000o\000w\000e}{chapter.6}% 42
\BOOKMARK [1][-]{Item.20}{\376\377\000B\000i\000b\000l\000i\000o\000g\000r\000a\000f\000i\000a}{chapter.6}% 43
\BOOKMARK [1][-]{chapter*.25}{\376\377\000S\000p\000i\000s\000\040\000r\000y\000s\000u\000n\000k\000\363\000w}{chapter.6}% 44
\BOOKMARK [1][-]{chapter*.25}{\376\377\000S\000p\000i\000s\000\040\000l\000i\000s\000t\000i\000n\000g\000\363\000w}{chapter.6}% 45
